<?xml version="1.0" encoding="UTF-8"?>
<testng-results ignored="0" total="1" passed="0" failed="1" skipped="0">
  <reporter-output>
  </reporter-output>
  <suite started-at="2024-09-13T16:51:28 IST" name="Default suite" finished-at="2024-09-13T16:52:52 IST" duration-ms="84151">
    <groups>
      <group name="cucumber">
        <method signature="AbstractTestNGCucumberTests.runScenario(io.cucumber.testng.PickleWrapper,io.cucumber.testng.FeatureWrapper)[pri:0, instance:TestRunner.CucumberTestRunner@4009e306]" name="runScenario" class="io.cucumber.testng.AbstractTestNGCucumberTests"/>
      </group> <!-- cucumber -->
    </groups>
    <test started-at="2024-09-13T16:51:28 IST" name="Default test" finished-at="2024-09-13T16:52:52 IST" duration-ms="84151">
      <class name="TestRunner.CucumberTestRunner">
        <test-method is-config="true" signature="setUpClass(org.testng.ITestContext)[pri:0, instance:TestRunner.CucumberTestRunner@4009e306]" started-at="2024-09-13T16:51:28 IST" name="setUpClass" finished-at="2024-09-13T16:51:28 IST" duration-ms="375" status="PASS">
          <params>
            <param index="0">
              <value>
                <![CDATA[org.testng.TestRunner@620c8641]]>
              </value>
            </param>
          </params>
          <reporter-output>
          </reporter-output>
        </test-method> <!-- setUpClass -->
        <test-method signature="runScenario(io.cucumber.testng.PickleWrapper,io.cucumber.testng.FeatureWrapper)[pri:0, instance:TestRunner.CucumberTestRunner@4009e306]" started-at="2024-09-13T16:51:28 IST" name="runScenario" description="Runs Cucumber Scenarios" data-provider="scenarios" finished-at="2024-09-13T16:52:52 IST" duration-ms="83726" status="FAIL">
          <params>
            <param index="0">
              <value>
                <![CDATA["Check login is successfull with Valid creds"]]>
              </value>
            </param>
            <param index="1">
              <value>
                <![CDATA["Login Page Automation"]]>
              </value>
            </param>
          </params>
          <exception class="java.lang.NullPointerException">
            <message>
              <![CDATA[Cannot invoke "org.openqa.selenium.support.ui.WebDriverWait.until(java.util.function.Function)" because "StepDefinitions.LoginStepsDefinition.wait" is null]]>
            </message>
            <full-stacktrace>
              <![CDATA[java.lang.NullPointerException: Cannot invoke "org.openqa.selenium.support.ui.WebDriverWait.until(java.util.function.Function)" because "StepDefinitions.LoginStepsDefinition.wait" is null
at StepDefinitions.LoginStepsDefinition.Click_on_Book_Store_Application(LoginStepsDefinition.java:35)
at ✽.Click on Book Store Application(file:///C:/Users/Admin/Downloads/Sujeet/src/test/resources/features/Login.feature:5)
]]>
            </full-stacktrace>
          </exception> <!-- java.lang.NullPointerException -->
          <reporter-output>
          </reporter-output>
        </test-method> <!-- runScenario -->
        <test-method is-config="true" signature="tearDownClass()[pri:0, instance:TestRunner.CucumberTestRunner@4009e306]" started-at="2024-09-13T16:52:52 IST" name="tearDownClass" finished-at="2024-09-13T16:52:52 IST" duration-ms="17" status="PASS">
          <reporter-output>
          </reporter-output>
        </test-method> <!-- tearDownClass -->
      </class> <!-- TestRunner.CucumberTestRunner -->
    </test> <!-- Default test -->
  </suite> <!-- Default suite -->
</testng-results>
